<?xml version="1.0" encoding="UTF-8"?>
<!-- Generated by org.testng.reporters.JUnitReportReporter -->
<testsuite hostname="DVTLBP58JR2" name="examples.TestSuiteKaraterunn" tests="1" failures="0" timestamp="23 Jul 2019 10:02:16 GMT" time="5.863" errors="0">
  <testcase name="testParallel" time="5.863" classname="examples.TestSuiteKaraterunn"/>
</testsuite> <!-- examples.TestSuiteKaraterunn -->
